#
# There is insufficient memory for the Java Runtime Environment to continue.
# Native memory allocation (mmap) failed to map 1048576 bytes. Error detail: G1 virtual space
# Possible reasons:
#   The system is out of physical RAM or swap space
#   This process is running with CompressedOops enabled, and the Java Heap may be blocking the growth of the native heap
# Possible solutions:
#   Reduce memory load on the system
#   Increase physical memory or swap space
#   Check if swap backing store is full
#   Decrease Java heap size (-Xmx/-Xms)
#   Decrease number of Java threads
#   Decrease Java thread stack sizes (-Xss)
#   Set larger code cache with -XX:ReservedCodeCacheSize=
#   JVM is running with Unscaled Compressed Oops mode in which the Java heap is
#     placed in the first 4GB address space. The Java Heap base address is the
#     maximum limit for the native heap growth. Please use -XX:HeapBaseMinAddress
#     to set the Java Heap base and to place the Java Heap above 4GB virtual address.
# This output file may be truncated or incomplete.
#
#  Out of Memory Error (os_windows.cpp:3631), pid=17440, tid=1160
#
# JRE version: OpenJDK Runtime Environment (22.0+36) (build 22+36-2370)
# Java VM: OpenJDK 64-Bit Server VM (22+36-2370, mixed mode, emulated-client, sharing, tiered, compressed oops, compressed class ptrs, g1 gc, windows-amd64)
# No core dump will be written. Minidumps are not enabled by default on client versions of Windows
#

---------------  S U M M A R Y ------------

Command Line: -XX:TieredStopAtLevel=1 -Dspring.output.ansi.enabled=always -Dcom.sun.management.jmxremote -Dspring.jmx.enabled=true -Dspring.liveBeansView.mbeanDomain -Dspring.application.admin.enabled=true -Dmanagement.endpoints.jmx.exposure.include=* -javaagent:C:\Program Files\JetBrains\IntelliJ IDEA 2025.1.3\lib\idea_rt.jar=57328 -Dfile.encoding=UTF-8 -Dsun.stdout.encoding=UTF-8 -Dsun.stderr.encoding=UTF-8 com.example.rendezvousservice.RendezVousServiceApplication

Host: Intel(R) Core(TM) m5-6Y54 CPU @ 1.10GHz, 4 cores, 7G,  Windows 10 , 64 bit Build 19041 (10.0.19041.5915)
Time: Sat Jan 10 02:49:51 2026 Romance Standard Time elapsed time: 55.676327 seconds (0d 0h 0m 55s)

---------------  T H R E A D  ---------------

Current thread (0x000001c9b0753330):  VMThread "VM Thread"          [id=1160, stack(0x0000008cda300000,0x0000008cda400000) (1024K)]

Stack: [0x0000008cda300000,0x0000008cda400000]
Native frames: (J=compiled Java code, j=interpreted, Vv=VM code, C=native code)
V  [jvm.dll+0x6e2349]  (no source info available)
V  [jvm.dll+0x874ed3]  (no source info available)
V  [jvm.dll+0x8772fe]  (no source info available)
V  [jvm.dll+0x8779d3]  (no source info available)
V  [jvm.dll+0x27fcb6]  (no source info available)
V  [jvm.dll+0x6de9e5]  (no source info available)
V  [jvm.dll+0x6d34ea]  (no source info available)
V  [jvm.dll+0x35892a]  (no source info available)
V  [jvm.dll+0x360e56]  (no source info available)
V  [jvm.dll+0x3b3d7e]  (no source info available)
V  [jvm.dll+0x3b4028]  (no source info available)
V  [jvm.dll+0x32c4ec]  (no source info available)
V  [jvm.dll+0x32ee46]  (no source info available)
V  [jvm.dll+0x339111]  (no source info available)
V  [jvm.dll+0x3702b5]  (no source info available)
V  [jvm.dll+0x87d870]  (no source info available)
V  [jvm.dll+0x87ebf7]  (no source info available)
V  [jvm.dll+0x87f170]  (no source info available)
V  [jvm.dll+0x87f413]  (no source info available)
V  [jvm.dll+0x81d50b]  (no source info available)
V  [jvm.dll+0x6e09e5]  (no source info available)
C  [ucrtbase.dll+0x21bb2]  (no source info available)
C  [KERNEL32.DLL+0x17374]  (no source info available)
C  [ntdll.dll+0x4cc91]  (no source info available)

VM_Operation (0x0000008cd9eff410): G1PauseRemark, mode: safepoint, requested by thread 0x000001c99eab7400


---------------  P R O C E S S  ---------------

Threads class SMR info:
_java_thread_list=0x000001c9f883fd30, length=20, elements={
0x000001c99ea4f180, 0x000001c9b0773470, 0x000001c9b0774540, 0x000001c9b0775610,
0x000001c9b0779090, 0x000001c9b0779af0, 0x000001c9b077a550, 0x000001c9b077afb0,
0x000001c9b0922a80, 0x000001c9b09f7200, 0x000001c9f61f40f0, 0x000001c9f61f4760,
0x000001c9f63d09d0, 0x000001c9f7034800, 0x000001c9f723bf80, 0x000001c9f6ec2c30,
0x000001c9f6ec32a0, 0x000001c9f79a8020, 0x000001c9f7e4f6b0, 0x000001c9f7e39f60
}

Java Threads: ( => current thread )
  0x000001c99ea4f180 JavaThread "main"                              [_thread_blocked, id=17452, stack(0x0000008cd9c00000,0x0000008cd9d00000) (1024K)]
  0x000001c9b0773470 JavaThread "Reference Handler"          daemon [_thread_blocked, id=12804, stack(0x0000008cda400000,0x0000008cda500000) (1024K)]
  0x000001c9b0774540 JavaThread "Finalizer"                  daemon [_thread_blocked, id=17268, stack(0x0000008cda500000,0x0000008cda600000) (1024K)]
  0x000001c9b0775610 JavaThread "Signal Dispatcher"          daemon [_thread_blocked, id=4388, stack(0x0000008cda600000,0x0000008cda700000) (1024K)]
  0x000001c9b0779090 JavaThread "Attach Listener"            daemon [_thread_blocked, id=17748, stack(0x0000008cda700000,0x0000008cda800000) (1024K)]
  0x000001c9b0779af0 JavaThread "Service Thread"             daemon [_thread_blocked, id=17752, stack(0x0000008cda800000,0x0000008cda900000) (1024K)]
  0x000001c9b077a550 JavaThread "Monitor Deflation Thread"   daemon [_thread_blocked, id=17876, stack(0x0000008cda900000,0x0000008cdaa00000) (1024K)]
  0x000001c9b077afb0 JavaThread "C1 CompilerThread0"         daemon [_thread_blocked, id=13636, stack(0x0000008cdaa00000,0x0000008cdab00000) (1024K)]
  0x000001c9b0922a80 JavaThread "Common-Cleaner"             daemon [_thread_blocked, id=12904, stack(0x0000008cdab00000,0x0000008cdac00000) (1024K)]
  0x000001c9b09f7200 JavaThread "C1 CompilerThread1"         daemon [_thread_blocked, id=17868, stack(0x0000008cdac00000,0x0000008cdad00000) (1024K)]
  0x000001c9f61f40f0 JavaThread "Monitor Ctrl-Break"         daemon [_thread_in_native, id=16212, stack(0x0000008cdad00000,0x0000008cdae00000) (1024K)]
  0x000001c9f61f4760 JavaThread "Notification Thread"        daemon [_thread_blocked, id=17812, stack(0x0000008cdae00000,0x0000008cdaf00000) (1024K)]
  0x000001c9f63d09d0 JavaThread "RMI TCP Accept-0"           daemon [_thread_in_native, id=18384, stack(0x0000008cdb300000,0x0000008cdb400000) (1024K)]
  0x000001c9f7034800 JavaThread "RMI TCP Connection(1)-192.168.56.1" daemon [_thread_blocked, id=17652, stack(0x0000008cdb400000,0x0000008cdb500000) (1024K)]
  0x000001c9f723bf80 JavaThread "RMI Scheduler(0)"           daemon [_thread_blocked, id=18424, stack(0x0000008cdb500000,0x0000008cdb600000) (1024K)]
  0x000001c9f6ec2c30 JavaThread "Catalina-utility-1"                [_thread_blocked, id=18348, stack(0x0000008cdb600000,0x0000008cdb700000) (1024K)]
  0x000001c9f6ec32a0 JavaThread "Catalina-utility-2"                [_thread_blocked, id=17608, stack(0x0000008cdb700000,0x0000008cdb800000) (1024K)]
  0x000001c9f79a8020 JavaThread "container-0"                       [_thread_blocked, id=7696, stack(0x0000008cdb800000,0x0000008cdb900000) (1024K)]
  0x000001c9f7e4f6b0 JavaThread "PostgreSQL-JDBC-Cleaner"    daemon [_thread_blocked, id=17288, stack(0x0000008cdba00000,0x0000008cdbb00000) (1024K)]
  0x000001c9f7e39f60 JavaThread "HikariPool-1 housekeeper"   daemon [_thread_blocked, id=16964, stack(0x0000008cdbb00000,0x0000008cdbc00000) (1024K)]
Total: 20

Other Threads:
=>0x000001c9b0753330 VMThread "VM Thread"                           [id=1160, stack(0x0000008cda300000,0x0000008cda400000) (1024K)]
  0x000001c9b073c7b0 WatcherThread "VM Periodic Task Thread"        [id=3400, stack(0x0000008cda200000,0x0000008cda300000) (1024K)]
  0x000001c99eaa6890 WorkerThread "GC Thread#0"                     [id=4940, stack(0x0000008cd9d00000,0x0000008cd9e00000) (1024K)]
  0x000001c9f634ef40 WorkerThread "GC Thread#1"                     [id=18376, stack(0x0000008cdb000000,0x0000008cdb100000) (1024K)]
  0x000001c9f6351300 WorkerThread "GC Thread#2"                     [id=15556, stack(0x0000008cdb100000,0x0000008cdb200000) (1024K)]
  0x000001c9f636a200 WorkerThread "GC Thread#3"                     [id=18420, stack(0x0000008cdb200000,0x0000008cdb300000) (1024K)]
  0x000001c99eab7400 ConcurrentGCThread "G1 Main Marker"            [id=16256, stack(0x0000008cd9e00000,0x0000008cd9f00000) (1024K)]
  0x000001c99eab91a0 WorkerThread "G1 Conc#0"                       [id=17504, stack(0x0000008cd9f00000,0x0000008cda000000) (1024K)]
  0x000001c99eafeb00 ConcurrentGCThread "G1 Refine#0"               [id=17416, stack(0x0000008cda000000,0x0000008cda100000) (1024K)]
  0x000001c9b0613e90 ConcurrentGCThread "G1 Service"                [id=2116, stack(0x0000008cda100000,0x0000008cda200000) (1024K)]
Total: 10

Threads with active compile tasks:
Total: 0

VM state: at safepoint (normal execution)

VM Mutex/Monitor currently owned by a thread:  ([mutex/lock_event])
[0x00007ffc581bcbc8] Threads_lock - owner thread: 0x000001c9b0753330
[0x00007ffc581bccc8] Heap_lock - owner thread: 0x000001c99eab7400

Heap address: 0x0000000082400000, size: 2012 MB, Compressed Oops mode: 32-bit

CDS archive(s) mapped at: [0x000001c9b1000000-0x000001c9b1c50000-0x000001c9b1c50000), size 12910592, SharedBaseAddress: 0x000001c9b1000000, ArchiveRelocationMode: 1.
Compressed class space mapped at: 0x000001c9b2000000-0x000001c9f2000000, reserved size: 1073741824
Narrow klass base: 0x000001c9b1000000, Narrow klass shift: 0, Narrow klass range: 0x41000000

GC Precious Log:
 CardTable entry size: 512
 Card Set container configuration: InlinePtr #cards 5 size 8 Array Of Cards #cards 12 size 40 Howl #buckets 4 coarsen threshold 1843 Howl Bitmap #cards 512 size 80 coarsen threshold 460 Card regions per heap region 1 cards per card region 2048
 CPUs: 4 total, 4 available
 Memory: 8040M
 Large Page Support: Disabled
 NUMA Support: Disabled
 Compressed Oops: Enabled (32-bit)
 Heap Region Size: 1M
 Heap Min Capacity: 8M
 Heap Initial Capacity: 126M
 Heap Max Capacity: 2012M
 Pre-touch: Disabled
 Parallel Workers: 4
 Concurrent Workers: 1
 Concurrent Refinement Workers: 4
 Periodic GC: Disabled

Heap:
 garbage-first heap   total reserved 2060288K, committed 55296K, used 38276K [0x0000000082400000, 0x0000000100000000)
  region size 1024K, 9 young (9216K), 3 survivors (3072K)
 Metaspace       used 63625K, committed 64320K, reserved 1114112K
  class space    used 9359K, committed 9664K, reserved 1048576K

Heap Regions: E=young(eden), S=young(survivor), O=old, HS=humongous(starts), HC=humongous(continues), CS=collection set, F=free, TAMS=top-at-mark-start, PB=parsable bottom
|   0|0x0000000082400000, 0x0000000082500000, 0x0000000082500000|100%|HS|  |TAMS 0x0000000082500000| PB 0x0000000082400000| Complete |  0
|   1|0x0000000082500000, 0x0000000082600000, 0x0000000082600000|100%| O|  |TAMS 0x0000000082600000| PB 0x0000000082600000| Untracked |  0
|   2|0x0000000082600000, 0x0000000082700000, 0x0000000082700000|100%| O|  |TAMS 0x0000000082700000| PB 0x0000000082700000| Untracked |  0
|   3|0x0000000082700000, 0x0000000082800000, 0x0000000082800000|100%| O|  |TAMS 0x0000000082800000| PB 0x0000000082800000| Untracked |  0
|   4|0x0000000082800000, 0x0000000082900000, 0x0000000082900000|100%| O|  |TAMS 0x0000000082900000| PB 0x0000000082900000| Untracked |  0
|   5|0x0000000082900000, 0x0000000082a00000, 0x0000000082a00000|100%| O|  |TAMS 0x0000000082a00000| PB 0x0000000082a00000| Untracked |  0
|   6|0x0000000082a00000, 0x0000000082b00000, 0x0000000082b00000|100%| O|  |TAMS 0x0000000082b00000| PB 0x0000000082b00000| Updating |  0
|   7|0x0000000082b00000, 0x0000000082c00000, 0x0000000082c00000|100%| O|  |TAMS 0x0000000082c00000| PB 0x0000000082c00000| Updating |  0
|   8|0x0000000082c00000, 0x0000000082d00000, 0x0000000082d00000|100%| O|  |TAMS 0x0000000082d00000| PB 0x0000000082d00000| Untracked |  0
|   9|0x0000000082d00000, 0x0000000082e00000, 0x0000000082e00000|100%| O|  |TAMS 0x0000000082e00000| PB 0x0000000082e00000| Untracked |  0
|  10|0x0000000082e00000, 0x0000000082f00000, 0x0000000082f00000|100%| O|  |TAMS 0x0000000082f00000| PB 0x0000000082f00000| Updating |  0
|  11|0x0000000082f00000, 0x0000000083000000, 0x0000000083000000|100%| O|  |TAMS 0x0000000083000000| PB 0x0000000083000000| Updating |  0
|  12|0x0000000083000000, 0x0000000083100000, 0x0000000083100000|100%| O|  |TAMS 0x0000000083100000| PB 0x0000000083100000| Updating |  0
|  13|0x0000000083100000, 0x0000000083200000, 0x0000000083200000|100%| O|  |TAMS 0x0000000083200000| PB 0x0000000083200000| Untracked |  0
|  14|0x0000000083200000, 0x0000000083200000, 0x0000000083300000|  0%| F|  |TAMS 0x0000000083200000| PB 0x0000000083200000| Untracked |  0
|  15|0x0000000083300000, 0x0000000083400000, 0x0000000083400000|100%| O|  |TAMS 0x0000000083400000| PB 0x0000000083400000| Untracked |  0
|  16|0x0000000083400000, 0x0000000083500000, 0x0000000083500000|100%| O|  |TAMS 0x0000000083500000| PB 0x0000000083500000| Updating |  0
|  17|0x0000000083500000, 0x0000000083600000, 0x0000000083600000|100%| O|  |TAMS 0x0000000083600000| PB 0x0000000083600000| Untracked |  0
|  18|0x0000000083600000, 0x0000000083700000, 0x0000000083700000|100%| O|  |TAMS 0x0000000083700000| PB 0x0000000083700000| Untracked |  0
|  19|0x0000000083700000, 0x0000000083800000, 0x0000000083800000|100%| O|  |TAMS 0x0000000083800000| PB 0x0000000083800000| Updating |  0
|  20|0x0000000083800000, 0x0000000083900000, 0x0000000083900000|100%| O|  |TAMS 0x0000000083900000| PB 0x0000000083900000| Updating |  0
|  21|0x0000000083900000, 0x0000000083a00000, 0x0000000083a00000|100%| O|  |TAMS 0x0000000083a00000| PB 0x0000000083a00000| Untracked |  0
|  22|0x0000000083a00000, 0x0000000083b00000, 0x0000000083b00000|100%| O|  |TAMS 0x0000000083b00000| PB 0x0000000083b00000| Updating |  0
|  23|0x0000000083b00000, 0x0000000083c00000, 0x0000000083c00000|100%| O|  |TAMS 0x0000000083c00000| PB 0x0000000083c00000| Untracked |  0
|  24|0x0000000083c00000, 0x0000000083d00000, 0x0000000083d00000|100%| O|  |TAMS 0x0000000083d00000| PB 0x0000000083d00000| Untracked |  0
|  25|0x0000000083d00000, 0x0000000083e00000, 0x0000000083e00000|100%| O|  |TAMS 0x0000000083e00000| PB 0x0000000083e00000| Untracked |  0
|  26|0x0000000083e00000, 0x0000000083f00000, 0x0000000083f00000|100%| O|  |TAMS 0x0000000083f00000| PB 0x0000000083f00000| Updating |  0
|  27|0x0000000083f00000, 0x0000000084000000, 0x0000000084000000|100%| O|  |TAMS 0x0000000084000000| PB 0x0000000084000000| Untracked |  0
|  28|0x0000000084000000, 0x0000000084100000, 0x0000000084100000|100%| O|  |TAMS 0x0000000084100000| PB 0x0000000084100000| Untracked |  0
|  29|0x0000000084100000, 0x0000000084200000, 0x0000000084200000|100%| O|  |TAMS 0x0000000084200000| PB 0x0000000084200000| Untracked |  0
|  30|0x0000000084200000, 0x0000000084200000, 0x0000000084300000|  0%| F|  |TAMS 0x0000000084200000| PB 0x0000000084200000| Untracked |  0
|  31|0x0000000084300000, 0x0000000084300000, 0x0000000084400000|  0%| F|  |TAMS 0x0000000084300000| PB 0x0000000084300000| Untracked |  0
|  32|0x0000000084400000, 0x00000000844e3ca8, 0x0000000084500000| 88%| S|CS|TAMS 0x0000000084400000| PB 0x0000000084400000| Complete |  0
|  33|0x0000000084500000, 0x000000008457d550, 0x0000000084600000| 48%| O|  |TAMS 0x000000008457d550| PB 0x000000008457d550| Updating |  0
|  34|0x0000000084600000, 0x0000000084700000, 0x0000000084700000|100%| S|CS|TAMS 0x0000000084600000| PB 0x0000000084600000| Complete |  0
|  35|0x0000000084700000, 0x0000000084800000, 0x0000000084800000|100%| S|CS|TAMS 0x0000000084700000| PB 0x0000000084700000| Complete |  0
|  36|0x0000000084800000, 0x0000000084800000, 0x0000000084900000|  0%| F|  |TAMS 0x0000000084800000| PB 0x0000000084800000| Untracked |  0
|  37|0x0000000084900000, 0x0000000084900000, 0x0000000084a00000|  0%| F|  |TAMS 0x0000000084900000| PB 0x0000000084900000| Untracked |  0
|  38|0x0000000084a00000, 0x0000000084a00000, 0x0000000084b00000|  0%| F|  |TAMS 0x0000000084a00000| PB 0x0000000084a00000| Untracked |  0
|  39|0x0000000084b00000, 0x0000000084b00000, 0x0000000084c00000|  0%| F|  |TAMS 0x0000000084b00000| PB 0x0000000084b00000| Untracked |  0
|  40|0x0000000084c00000, 0x0000000084c00000, 0x0000000084d00000|  0%| F|  |TAMS 0x0000000084c00000| PB 0x0000000084c00000| Untracked |  0
|  41|0x0000000084d00000, 0x0000000084d00000, 0x0000000084e00000|  0%| F|  |TAMS 0x0000000084d00000| PB 0x0000000084d00000| Untracked |  0
|  42|0x0000000084e00000, 0x0000000084e00000, 0x0000000084f00000|  0%| F|  |TAMS 0x0000000084e00000| PB 0x0000000084e00000| Untracked |  0
|  43|0x0000000084f00000, 0x0000000084f00000, 0x0000000085000000|  0%| F|  |TAMS 0x0000000084f00000| PB 0x0000000084f00000| Untracked |  0
|  44|0x0000000085000000, 0x0000000085000000, 0x0000000085100000|  0%| F|  |TAMS 0x0000000085000000| PB 0x0000000085000000| Untracked |  0
|  73|0x0000000086d00000, 0x0000000086d00000, 0x0000000086e00000|  0%| F|  |TAMS 0x0000000086d00000| PB 0x0000000086d00000| Untracked |  0
|  74|0x0000000086e00000, 0x0000000086e00000, 0x0000000086f00000|  0%| F|  |TAMS 0x0000000086e00000| PB 0x0000000086e00000| Untracked |  0
|  75|0x0000000086f00000, 0x0000000086f00000, 0x0000000087000000|  0%| F|  |TAMS 0x0000000086f00000| PB 0x0000000086f00000| Untracked |  0
|  76|0x0000000087000000, 0x0000000087052368, 0x0000000087100000| 32%| E|  |TAMS 0x0000000087000000| PB 0x0000000087000000| Complete |  0
|  77|0x0000000087100000, 0x0000000087200000, 0x0000000087200000|100%| E|CS|TAMS 0x0000000087100000| PB 0x0000000087100000| Complete |  0
|  78|0x0000000087200000, 0x0000000087300000, 0x0000000087300000|100%| E|CS|TAMS 0x0000000087200000| PB 0x0000000087200000| Complete |  0
|  79|0x0000000087300000, 0x0000000087400000, 0x0000000087400000|100%| E|CS|TAMS 0x0000000087300000| PB 0x0000000087300000| Complete |  0
|  80|0x0000000087400000, 0x0000000087500000, 0x0000000087500000|100%| E|CS|TAMS 0x0000000087400000| PB 0x0000000087400000| Complete |  0
| 125|0x000000008a100000, 0x000000008a200000, 0x000000008a200000|100%| E|CS|TAMS 0x000000008a100000| PB 0x000000008a100000| Complete |  0

Card table byte_map: [0x000001c9abde0000,0x000001c9ac1d0000] _byte_map_base: 0x000001c9ab9ce000

Marking Bits: (CMBitMap*) 0x000001c99eaa6fa0
 Bits: [0x000001c9ac1d0000, 0x000001c9ae140000)

Polling page: 0x000001c9a8530000

Metaspace:

Usage:
  Non-class:     52.99 MB used.
      Class:      9.14 MB used.
       Both:     62.13 MB used.

Virtual space:
  Non-class space:       64.00 MB reserved,      53.38 MB ( 83%) committed,  1 nodes.
      Class space:        1.00 GB reserved,       9.44 MB ( <1%) committed,  1 nodes.
             Both:        1.06 GB reserved,      62.81 MB (  6%) committed. 

Chunk freelists:
   Non-Class:  10.36 MB
       Class:  6.62 MB
        Both:  16.98 MB

MaxMetaspaceSize: unlimited
CompressedClassSpaceSize: 1.00 GB
Initial GC threshold: 21.00 MB
Current GC threshold: 93.38 MB
CDS: on
 - commit_granule_bytes: 65536.
 - commit_granule_words: 8192.
 - virtual_space_node_default_size: 8388608.
 - enlarge_chunks_in_place: 1.
 - use_allocation_guard: 0.


Internal statistics:

num_allocs_failed_limit: 9.
num_arena_births: 890.
num_arena_deaths: 66.
num_vsnodes_births: 2.
num_vsnodes_deaths: 0.
num_space_committed: 1005.
num_space_uncommitted: 0.
num_chunks_returned_to_freelist: 86.
num_chunks_taken_from_freelist: 3099.
num_chunk_merges: 19.
num_chunk_splits: 2282.
num_chunks_enlarged: 1837.
num_inconsistent_stats: 0.

CodeCache: size=49152Kb used=11111Kb max_used=11606Kb free=38040Kb
 bounds [0x000001c9a8550000, 0x000001c9a90b0000, 0x000001c9ab550000]
 total_blobs=6543 nmethods=5867 adapters=599
 compilation: enabled
              stopped_count=0, restarted_count=0
 full_count=0

Compilation events (20 events):
Event: 55.587 Thread 0x000001c9b09f7200 5966       1       org.antlr.v4.runtime.atn.ParserATNSimulator::computeReachSet (575 bytes)
Event: 55.588 Thread 0x000001c9b077afb0 5967       1       org.antlr.v4.runtime.BufferedTokenStream::index (5 bytes)
Event: 55.588 Thread 0x000001c9b077afb0 nmethod 5967 0x000001c9a88b7510 code [0x000001c9a88b76a0, 0x000001c9a88b7768]
Event: 55.593 Thread 0x000001c9b09f7200 nmethod 5966 0x000001c9a88b4910 code [0x000001c9a88b4dc0, 0x000001c9a88b6598]
Event: 55.595 Thread 0x000001c9b09f7200 5968       1       org.antlr.v4.runtime.BufferedTokenStream::mark (2 bytes)
Event: 55.595 Thread 0x000001c9b09f7200 nmethod 5968 0x000001c9a88b4610 code [0x000001c9a88b47a0, 0x000001c9a88b4868]
Event: 55.602 Thread 0x000001c9b09f7200 5969       1       org.antlr.v4.runtime.atn.ParserATNSimulator::getExistingTargetState (31 bytes)
Event: 55.602 Thread 0x000001c9b09f7200 nmethod 5969 0x000001c9a88b4290 code [0x000001c9a88b4420, 0x000001c9a88b4550]
Event: 55.608 Thread 0x000001c9b077afb0 5970       1       java.util.BitSet::or (105 bytes)
Event: 55.609 Thread 0x000001c9b077afb0 nmethod 5970 0x000001c9a88b3c10 code [0x000001c9a88b3de0, 0x000001c9a88b40b8]
Event: 55.610 Thread 0x000001c9b077afb0 5971       1       org.antlr.v4.runtime.ParserRuleContext::addChild (9 bytes)
Event: 55.610 Thread 0x000001c9b09f7200 5972       1       org.antlr.v4.runtime.CommonTokenStream::LB (69 bytes)
Event: 55.610 Thread 0x000001c9b077afb0 nmethod 5971 0x000001c9a88b3710 code [0x000001c9a88b38c0, 0x000001c9a88b3b08]
Event: 55.610 Thread 0x000001c9b09f7200 nmethod 5972 0x000001c9a88b3210 code [0x000001c9a88b33e0, 0x000001c9a88b3638]
Event: 55.610 Thread 0x000001c9b09f7200 5973       1       org.antlr.v4.runtime.BufferedTokenStream::previousTokenOnChannel (69 bytes)
Event: 55.611 Thread 0x000001c9b09f7200 nmethod 5973 0x000001c9a88b2b10 code [0x000001c9a88b2d00, 0x000001c9a88b3028]
Event: 55.611 Thread 0x000001c9b077afb0 5974       1       org.antlr.v4.runtime.Parser::getInputStream (5 bytes)
Event: 55.611 Thread 0x000001c9b077afb0 nmethod 5974 0x000001c9a88b2810 code [0x000001c9a88b29a0, 0x000001c9a88b2a68]
Event: 55.611 Thread 0x000001c9b09f7200 5975       1       org.antlr.v4.runtime.DefaultErrorStrategy::inErrorRecoveryMode (5 bytes)
Event: 55.611 Thread 0x000001c9b09f7200 nmethod 5975 0x000001c9a88b2510 code [0x000001c9a88b26a0, 0x000001c9a88b2770]

GC Heap History (20 events):
Event: 39.890 GC heap before
{Heap before GC invocations=8 (full 0):
 garbage-first heap   total reserved 2060288K, committed 55296K, used 46024K [0x0000000082400000, 0x0000000100000000)
  region size 1024K, 28 young (28672K), 4 survivors (4096K)
 Metaspace       used 33062K, committed 33536K, reserved 1114112K
  class space    used 4539K, committed 4736K, reserved 1048576K
}
Event: 39.927 GC heap after
{Heap after GC invocations=9 (full 0):
 garbage-first heap   total reserved 2060288K, committed 55296K, used 23904K [0x0000000082400000, 0x0000000100000000)
  region size 1024K, 3 young (3072K), 3 survivors (3072K)
 Metaspace       used 33062K, committed 33536K, reserved 1114112K
  class space    used 4539K, committed 4736K, reserved 1048576K
}
Event: 41.621 GC heap before
{Heap before GC invocations=9 (full 0):
 garbage-first heap   total reserved 2060288K, committed 55296K, used 46432K [0x0000000082400000, 0x0000000100000000)
  region size 1024K, 25 young (25600K), 3 survivors (3072K)
 Metaspace       used 34899K, committed 35520K, reserved 1114112K
  class space    used 4832K, committed 5120K, reserved 1048576K
}
Event: 41.633 GC heap after
{Heap after GC invocations=10 (full 0):
 garbage-first heap   total reserved 2060288K, committed 55296K, used 25172K [0x0000000082400000, 0x0000000100000000)
  region size 1024K, 4 young (4096K), 4 survivors (4096K)
 Metaspace       used 34899K, committed 35520K, reserved 1114112K
  class space    used 4832K, committed 5120K, reserved 1048576K
}
Event: 42.053 GC heap before
{Heap before GC invocations=10 (full 0):
 garbage-first heap   total reserved 2060288K, committed 55296K, used 32340K [0x0000000082400000, 0x0000000100000000)
  region size 1024K, 12 young (12288K), 4 survivors (4096K)
 Metaspace       used 35616K, committed 36160K, reserved 1114112K
  class space    used 4936K, committed 5184K, reserved 1048576K
}
Event: 42.065 GC heap after
{Heap after GC invocations=11 (full 0):
 garbage-first heap   total reserved 2060288K, committed 55296K, used 25600K [0x0000000082400000, 0x0000000100000000)
  region size 1024K, 2 young (2048K), 2 survivors (2048K)
 Metaspace       used 35616K, committed 36160K, reserved 1114112K
  class space    used 4936K, committed 5184K, reserved 1048576K
}
Event: 44.079 GC heap before
{Heap before GC invocations=12 (full 0):
 garbage-first heap   total reserved 2060288K, committed 55296K, used 48128K [0x0000000082400000, 0x0000000100000000)
  region size 1024K, 25 young (25600K), 2 survivors (2048K)
 Metaspace       used 41142K, committed 41728K, reserved 1114112K
  class space    used 5825K, committed 6080K, reserved 1048576K
}
Event: 44.090 GC heap after
{Heap after GC invocations=13 (full 0):
 garbage-first heap   total reserved 2060288K, committed 55296K, used 26624K [0x0000000082400000, 0x0000000100000000)
  region size 1024K, 3 young (3072K), 3 survivors (3072K)
 Metaspace       used 41142K, committed 41728K, reserved 1114112K
  class space    used 5825K, committed 6080K, reserved 1048576K
}
Event: 47.712 GC heap before
{Heap before GC invocations=13 (full 0):
 garbage-first heap   total reserved 2060288K, committed 55296K, used 48128K [0x0000000082400000, 0x0000000100000000)
  region size 1024K, 24 young (24576K), 3 survivors (3072K)
 Metaspace       used 46614K, committed 47232K, reserved 1114112K
  class space    used 6532K, committed 6784K, reserved 1048576K
}
Event: 47.727 GC heap after
{Heap after GC invocations=14 (full 0):
 garbage-first heap   total reserved 2060288K, committed 55296K, used 27276K [0x0000000082400000, 0x0000000100000000)
  region size 1024K, 3 young (3072K), 3 survivors (3072K)
 Metaspace       used 46614K, committed 47232K, reserved 1114112K
  class space    used 6532K, committed 6784K, reserved 1048576K
}
Event: 49.336 GC heap before
{Heap before GC invocations=14 (full 0):
 garbage-first heap   total reserved 2060288K, committed 55296K, used 46732K [0x0000000082400000, 0x0000000100000000)
  region size 1024K, 23 young (23552K), 3 survivors (3072K)
 Metaspace       used 52221K, committed 52928K, reserved 1114112K
  class space    used 7368K, committed 7680K, reserved 1048576K
}
Event: 49.348 GC heap after
{Heap after GC invocations=15 (full 0):
 garbage-first heap   total reserved 2060288K, committed 55296K, used 28412K [0x0000000082400000, 0x0000000100000000)
  region size 1024K, 3 young (3072K), 3 survivors (3072K)
 Metaspace       used 52221K, committed 52928K, reserved 1114112K
  class space    used 7368K, committed 7680K, reserved 1048576K
}
Event: 51.319 GC heap before
{Heap before GC invocations=15 (full 0):
 garbage-first heap   total reserved 2060288K, committed 55296K, used 46844K [0x0000000082400000, 0x0000000100000000)
  region size 1024K, 21 young (21504K), 3 survivors (3072K)
 Metaspace       used 56358K, committed 57024K, reserved 1114112K
  class space    used 8117K, committed 8384K, reserved 1048576K
}
Event: 51.329 GC heap after
{Heap after GC invocations=16 (full 0):
 garbage-first heap   total reserved 2060288K, committed 55296K, used 29091K [0x0000000082400000, 0x0000000100000000)
  region size 1024K, 2 young (2048K), 2 survivors (2048K)
 Metaspace       used 56358K, committed 57024K, reserved 1114112K
  class space    used 8117K, committed 8384K, reserved 1048576K
}
Event: 52.659 GC heap before
{Heap before GC invocations=17 (full 0):
 garbage-first heap   total reserved 2060288K, committed 55296K, used 48547K [0x0000000082400000, 0x0000000100000000)
  region size 1024K, 21 young (21504K), 2 survivors (2048K)
 Metaspace       used 58557K, committed 59264K, reserved 1114112K
  class space    used 8406K, committed 8704K, reserved 1048576K
}
Event: 52.671 GC heap after
{Heap after GC invocations=18 (full 0):
 garbage-first heap   total reserved 2060288K, committed 55296K, used 30696K [0x0000000082400000, 0x0000000100000000)
  region size 1024K, 3 young (3072K), 3 survivors (3072K)
 Metaspace       used 58557K, committed 59264K, reserved 1114112K
  class space    used 8406K, committed 8704K, reserved 1048576K
}
Event: 54.105 GC heap before
{Heap before GC invocations=18 (full 0):
 garbage-first heap   total reserved 2060288K, committed 55296K, used 47080K [0x0000000082400000, 0x0000000100000000)
  region size 1024K, 19 young (19456K), 3 survivors (3072K)
 Metaspace       used 61834K, committed 62464K, reserved 1114112K
  class space    used 9012K, committed 9280K, reserved 1048576K
}
Event: 54.119 GC heap after
{Heap after GC invocations=19 (full 0):
 garbage-first heap   total reserved 2060288K, committed 55296K, used 31953K [0x0000000082400000, 0x0000000100000000)
  region size 1024K, 2 young (2048K), 2 survivors (2048K)
 Metaspace       used 61834K, committed 62464K, reserved 1114112K
  class space    used 9012K, committed 9280K, reserved 1048576K
}
Event: 55.504 GC heap before
{Heap before GC invocations=19 (full 0):
 garbage-first heap   total reserved 2060288K, committed 55296K, used 48337K [0x0000000082400000, 0x0000000100000000)
  region size 1024K, 18 young (18432K), 2 survivors (2048K)
 Metaspace       used 63438K, committed 64128K, reserved 1114112K
  class space    used 9366K, committed 9664K, reserved 1048576K
}
Event: 55.513 GC heap after
{Heap after GC invocations=20 (full 0):
 garbage-first heap   total reserved 2060288K, committed 55296K, used 33156K [0x0000000082400000, 0x0000000100000000)
  region size 1024K, 3 young (3072K), 3 survivors (3072K)
 Metaspace       used 63438K, committed 64128K, reserved 1114112K
  class space    used 9366K, committed 9664K, reserved 1048576K
}

Dll operation events (12 events):
Event: 1.223 Loaded shared library C:\Users\souad\.jdks\openjdk-22\bin\java.dll
Event: 13.387 Loaded shared library C:\Users\souad\.jdks\openjdk-22\bin\zip.dll
Event: 13.404 Loaded shared library C:\Users\souad\.jdks\openjdk-22\bin\instrument.dll
Event: 13.644 Loaded shared library C:\Users\souad\.jdks\openjdk-22\bin\net.dll
Event: 13.660 Loaded shared library C:\Users\souad\.jdks\openjdk-22\bin\nio.dll
Event: 13.674 Loaded shared library C:\Users\souad\.jdks\openjdk-22\bin\zip.dll
Event: 15.253 Loaded shared library C:\Users\souad\.jdks\openjdk-22\bin\jimage.dll
Event: 15.465 Loaded shared library C:\Users\souad\.jdks\openjdk-22\bin\extnet.dll
Event: 15.641 Loaded shared library C:\Users\souad\.jdks\openjdk-22\bin\management.dll
Event: 15.797 Loaded shared library C:\Users\souad\.jdks\openjdk-22\bin\management_ext.dll
Event: 27.779 Loaded shared library C:\Users\souad\.jdks\openjdk-22\bin\sunmscapi.dll
Event: 43.314 Loaded shared library C:\Users\souad\.jdks\openjdk-22\bin\verify.dll

Deoptimization events (6 events):
Event: 38.367 Thread 0x000001c99ea4f180 DEOPT PACKING pc=0x000001c9a8e29981 sp=0x0000008cd9cfdf40
Event: 38.367 Thread 0x000001c99ea4f180 DEOPT UNPACKING pc=0x000001c9a85a4e42 sp=0x0000008cd9cfd4d8 mode 0
Event: 51.857 Thread 0x000001c99ea4f180 DEOPT PACKING pc=0x000001c9a8b0c8b9 sp=0x0000008cd9cfc0b0
Event: 51.857 Thread 0x000001c99ea4f180 DEOPT UNPACKING pc=0x000001c9a85a4e42 sp=0x0000008cd9cfb5b8 mode 3
Event: 52.802 Thread 0x000001c99ea4f180 DEOPT PACKING pc=0x000001c9a8b25894 sp=0x0000008cd9cfc6c0
Event: 52.802 Thread 0x000001c99ea4f180 DEOPT UNPACKING pc=0x000001c9a85a4e42 sp=0x0000008cd9cfbc18 mode 0

Classes loaded (20 events):
Event: 53.006 Loading class java/lang/Package$1PackageInfoProxy
Event: 53.006 Loading class java/lang/Package$1PackageInfoProxy done
Event: 53.170 Loading class java/lang/Character$UnicodeBlock
Event: 53.173 Loading class java/lang/Character$Subset
Event: 53.173 Loading class java/lang/Character$Subset done
Event: 53.177 Loading class java/lang/Character$UnicodeBlock done
Event: 53.317 Loading class java/util/regex/Pattern$Bound
Event: 53.317 Loading class java/util/regex/Pattern$Bound done
Event: 53.318 Loading class java/util/regex/Pattern$SliceI
Event: 53.318 Loading class java/util/regex/Pattern$SliceI done
Event: 53.320 Loading class java/util/regex/Pattern$LookBehindEndNode
Event: 53.321 Loading class java/util/regex/Pattern$LookBehindEndNode done
Event: 53.321 Loading class java/util/regex/Pattern$NotBehind
Event: 53.321 Loading class java/util/regex/Pattern$NotBehind done
Event: 53.322 Loading class java/util/regex/Pattern$Behind
Event: 53.322 Loading class java/util/regex/Pattern$Behind done
Event: 53.506 Loading class java/util/EmptyStackException
Event: 53.506 Loading class java/util/EmptyStackException done
Event: 53.574 Loading class java/io/InvalidClassException
Event: 53.574 Loading class java/io/InvalidClassException done

Classes unloaded (20 events):
Event: 51.482 Thread 0x000001c9b0753330 Unloading class 0x000001c9b20d6c00 'java/lang/invoke/LambdaForm$MH+0x000001c9b20d6c00'
Event: 51.482 Thread 0x000001c9b0753330 Unloading class 0x000001c9b20d6800 'java/lang/invoke/LambdaForm$MH+0x000001c9b20d6800'
Event: 51.482 Thread 0x000001c9b0753330 Unloading class 0x000001c9b20d5c00 'java/lang/invoke/LambdaForm$MH+0x000001c9b20d5c00'
Event: 51.482 Thread 0x000001c9b0753330 Unloading class 0x000001c9b20d4400 'java/lang/invoke/LambdaForm$MH+0x000001c9b20d4400'
Event: 51.482 Thread 0x000001c9b0753330 Unloading class 0x000001c9b20c0000 'java/lang/invoke/LambdaForm$DMH+0x000001c9b20c0000'
Event: 51.482 Thread 0x000001c9b0753330 Unloading class 0x000001c9b200c400 'java/lang/invoke/LambdaForm$DMH+0x000001c9b200c400'
Event: 55.650 Thread 0x000001c9b0753330 Unloading class 0x000001c9b22d9c00 'java/lang/invoke/LambdaForm$MH+0x000001c9b22d9c00'
Event: 55.650 Thread 0x000001c9b0753330 Unloading class 0x000001c9b22d9800 'java/lang/invoke/LambdaForm$MH+0x000001c9b22d9800'
Event: 55.650 Thread 0x000001c9b0753330 Unloading class 0x000001c9b22d8400 'java/lang/invoke/LambdaForm$MH+0x000001c9b22d8400'
Event: 55.650 Thread 0x000001c9b0753330 Unloading class 0x000001c9b22d3800 'java/lang/invoke/LambdaForm$MH+0x000001c9b22d3800'
Event: 55.650 Thread 0x000001c9b0753330 Unloading class 0x000001c9b22d3400 'java/lang/invoke/LambdaForm$MH+0x000001c9b22d3400'
Event: 55.650 Thread 0x000001c9b0753330 Unloading class 0x000001c9b22d3000 'java/lang/invoke/LambdaForm$MH+0x000001c9b22d3000'
Event: 55.650 Thread 0x000001c9b0753330 Unloading class 0x000001c9b22d1400 'java/lang/invoke/LambdaForm$MH+0x000001c9b22d1400'
Event: 55.650 Thread 0x000001c9b0753330 Unloading class 0x000001c9b22cd800 'java/lang/invoke/LambdaForm$MH+0x000001c9b22cd800'
Event: 55.650 Thread 0x000001c9b0753330 Unloading class 0x000001c9b22cc000 'java/lang/invoke/LambdaForm$MH+0x000001c9b22cc000'
Event: 55.650 Thread 0x000001c9b0753330 Unloading class 0x000001c9b20d7800 'java/lang/invoke/LambdaForm$MH+0x000001c9b20d7800'
Event: 55.650 Thread 0x000001c9b0753330 Unloading class 0x000001c9b20d7000 'java/lang/invoke/LambdaForm$MH+0x000001c9b20d7000'
Event: 55.650 Thread 0x000001c9b0753330 Unloading class 0x000001c9b20d4c00 'java/lang/invoke/LambdaForm$MH+0x000001c9b20d4c00'
Event: 55.650 Thread 0x000001c9b0753330 Unloading class 0x000001c9b20d4000 'java/lang/invoke/LambdaForm$MH+0x000001c9b20d4000'
Event: 55.650 Thread 0x000001c9b0753330 Unloading class 0x000001c9b2009c00 'java/lang/invoke/LambdaForm$MH+0x000001c9b2009c00'

Classes redefined (0 events):
No events

Internal exceptions (20 events):
Event: 48.263 Thread 0x000001c99ea4f180 Exception <a 'java/lang/NoSuchMethodError'{0x0000000086d187c8}: 'java.lang.Object java.lang.invoke.DirectMethodHandle$Holder.invokeStatic(java.lang.Object, java.lang.Object, int, java.lang.Object)'> (0x0000000086d187c8) 
thrown [s\open\src\hotspot\share\interpreter\linkResolver.cpp, line 774]
Event: 48.264 Thread 0x000001c99ea4f180 Exception <a 'java/lang/NoSuchMethodError'{0x0000000086d1bff0}: 'java.lang.Object java.lang.invoke.DirectMethodHandle$Holder.invokeStaticInit(java.lang.Object, java.lang.Object, int, java.lang.Object)'> (0x0000000086d1bff0) 
thrown [s\open\src\hotspot\share\interpreter\linkResolver.cpp, line 774]
Event: 50.627 Thread 0x000001c99ea4f180 Exception <a 'java/lang/NoSuchMethodError'{0x0000000084e58fe0}: 'void java.lang.invoke.DirectMethodHandle$Holder.invokeInterface(java.lang.Object, java.lang.Object, int, java.lang.Object)'> (0x0000000084e58fe0) 
thrown [s\open\src\hotspot\share\interpreter\linkResolver.cpp, line 774]
Event: 50.637 Thread 0x000001c99ea4f180 Exception <a 'java/lang/NoSuchMethodError'{0x0000000084e80a10}: 'java.lang.Object java.lang.invoke.DirectMethodHandle$Holder.newInvokeSpecial(java.lang.Object, java.lang.Object, int, java.lang.Object)'> (0x0000000084e80a10) 
thrown [s\open\src\hotspot\share\interpreter\linkResolver.cpp, line 774]
Event: 50.638 Thread 0x000001c99ea4f180 Exception <a 'java/lang/NoSuchMethodError'{0x0000000084e843e0}: 'java.lang.Object java.lang.invoke.Invokers$Holder.linkToTargetMethod(java.lang.Object, int, java.lang.Object, java.lang.Object)'> (0x0000000084e843e0) 
thrown [s\open\src\hotspot\share\interpreter\linkResolver.cpp, line 774]
Event: 50.683 Thread 0x000001c99ea4f180 Exception <a 'java/lang/NoSuchMethodError'{0x0000000084efd228}: 'void java.lang.invoke.DirectMethodHandle$Holder.invokeSpecial(java.lang.Object, java.lang.Object, java.lang.Object, java.lang.Object, java.lang.Object, java.lang.Object, java.lang.Object, java.lang.Object)'> (0x0000000084efd228) 
thrown [s\open\src\hotspot\share\interpreter\linkResolver.cpp, line 774]
Event: 50.717 Thread 0x000001c99ea4f180 Exception <a 'java/lang/NoSuchMethodError'{0x0000000084d40060}: 'java.lang.Object java.lang.invoke.DirectMethodHandle$Holder.newInvokeSpecial(java.lang.Object, java.lang.Object, int)'> (0x0000000084d40060) 
thrown [s\open\src\hotspot\share\interpreter\linkResolver.cpp, line 774]
Event: 50.879 Thread 0x000001c99ea4f180 Exception <a 'java/lang/NoSuchMethodError'{0x0000000084ca5f28}: 'int java.lang.invoke.DirectMethodHandle$Holder.invokeStatic(java.lang.Object, int, java.lang.Object)'> (0x0000000084ca5f28) 
thrown [s\open\src\hotspot\share\interpreter\linkResolver.cpp, line 774]
Event: 50.894 Thread 0x000001c99ea4f180 Exception <a 'java/lang/NoSuchMethodError'{0x0000000084cc6830}: 'java.lang.Object java.lang.invoke.DirectMethodHandle$Holder.newInvokeSpecial(java.lang.Object, java.lang.Object, java.lang.Object, java.lang.Object, java.lang.Object, int, java.lang.Object)'> (0x0000000084cc6830) 
thrown [s\open\src\hotspot\share\interpreter\linkResolver.cpp, line 774]
Event: 50.923 Thread 0x000001c99ea4f180 Exception <a 'java/lang/NoSuchMethodError'{0x0000000084cfcbf0}: 'java.lang.Object java.lang.invoke.DirectMethodHandle$Holder.newInvokeSpecial(java.lang.Object, java.lang.Object, java.lang.Object, java.lang.Object, java.lang.Object, java.lang.Object, java.lang.Object, java.lang.Object, java.lang.Object, java.lang.Object, java.lang.Object, java.lang.Object)'> (0x0000000084cfcbf0) 
thrown [s\open\src\hotspot\share\interpreter\linkResolver.cpp, line 774]
Event: 50.924 Thread 0x000001c99ea4f180 Exception <a 'java/lang/NoSuchMethodError'{0x0000000084b01528}: 'java.lang.Object java.lang.invoke.DirectMethodHandle$Holder.invokeSpecial(java.lang.Object, java.lang.Object, java.lang.Object, java.lang.Object, java.lang.Object, java.lang.Object, java.lang.Object, java.lang.Object, java.lang.Object, java.lang.Object, java.lang.Object, java.lang.Object, java.lang.Object)'> (0x0000000084b01528) 
thrown [s\open\src\hotspot\share\interpreter\linkResolver.cpp, line 774]
Event: 50.924 Thread 0x000001c99ea4f180 Exception <a 'java/lang/NoSuchMethodError'{0x0000000084b05a10}: 'java.lang.Object java.lang.invoke.Invokers$Holder.linkToTargetMethod(java.lang.Object, java.lang.Object, java.lang.Object, java.lang.Object, java.lang.Object, java.lang.Object, java.lang.Object, java.lang.Object, java.lang.Object, java.lang.Object, java.lang.Object, java.lang.Object)'> (0x0000000084b05a10) 
thrown [s\open\src\hotspot\share\interpreter\linkResolver.cpp, line 774]
Event: 51.112 Thread 0x000001c99ea4f180 Exception <a 'java/lang/NoSuchMethodError'{0x0000000084ab94f0}: 'java.lang.Object java.lang.invoke.DirectMethodHandle$Holder.newInvokeSpecial(java.lang.Object, java.lang.Object, java.lang.Object, java.lang.Object, java.lang.Object, java.lang.Object)'> (0x0000000084ab94f0) 
thrown [s\open\src\hotspot\share\interpreter\linkResolver.cpp, line 774]
Event: 51.162 Thread 0x000001c99ea4f180 Exception <a 'java/lang/NoSuchMethodError'{0x000000008492a4a0}: 'java.lang.Object java.lang.invoke.DirectMethodHandle$Holder.newInvokeSpecial(java.lang.Object, java.lang.Object, java.lang.Object, java.lang.Object, java.lang.Object, java.lang.Object, java.lang.Object, int)'> (0x000000008492a4a0) 
thrown [s\open\src\hotspot\share\interpreter\linkResolver.cpp, line 774]
Event: 51.163 Thread 0x000001c99ea4f180 Exception <a 'java/lang/NoSuchMethodError'{0x000000008492eae0}: 'java.lang.Object java.lang.invoke.DirectMethodHandle$Holder.invokeSpecial(java.lang.Object, java.lang.Object, java.lang.Object, java.lang.Object, java.lang.Object, java.lang.Object, java.lang.Object, java.lang.Object, int)'> (0x000000008492eae0) 
thrown [s\open\src\hotspot\share\interpreter\linkResolver.cpp, line 774]
Event: 51.164 Thread 0x000001c99ea4f180 Exception <a 'java/lang/NoSuchMethodError'{0x0000000084932b08}: 'java.lang.Object java.lang.invoke.Invokers$Holder.linkToTargetMethod(java.lang.Object, java.lang.Object, java.lang.Object, java.lang.Object, java.lang.Object, java.lang.Object, int, java.lang.Object)'> (0x0000000084932b08) 
thrown [s\open\src\hotspot\share\interpreter\linkResolver.cpp, line 774]
Event: 52.255 Thread 0x000001c99ea4f180 Exception <a 'java/lang/IncompatibleClassChangeError'{0x0000000084da3068}: Found class java.lang.Object, but interface was expected> (0x0000000084da3068) 
thrown [s\open\src\hotspot\share\interpreter\linkResolver.cpp, line 841]
Event: 52.376 Thread 0x000001c99ea4f180 Exception <a 'java/lang/IncompatibleClassChangeError'{0x0000000084be0b20}: Found class java.lang.Object, but interface was expected> (0x0000000084be0b20) 
thrown [s\open\src\hotspot\share\interpreter\linkResolver.cpp, line 841]
Event: 52.975 Thread 0x000001c99ea4f180 Exception <a 'java/lang/IncompatibleClassChangeError'{0x0000000087214d58}: Found class java.lang.Object, but interface was expected> (0x0000000087214d58) 
thrown [s\open\src\hotspot\share\interpreter\linkResolver.cpp, line 841]
Event: 53.219 Thread 0x000001c99ea4f180 Exception <a 'java/lang/IncompatibleClassChangeError'{0x0000000086f20e40}: Found class java.lang.Object, but interface was expected> (0x0000000086f20e40) 
thrown [s\open\src\hotspot\share\interpreter\linkResolver.cpp, line 841]

ZGC Phase Switch (0 events):
No events

VM Operations (20 events):
Event: 52.576 Executing VM operation: Cleanup done
Event: 52.658 Executing VM operation: G1CollectForAllocation (G1 Evacuation Pause)
Event: 52.671 Executing VM operation: G1CollectForAllocation (G1 Evacuation Pause) done
Event: 52.801 Executing VM operation: HandshakeAllThreads (Deoptimize)
Event: 52.801 Executing VM operation: HandshakeAllThreads (Deoptimize) done
Event: 53.022 Executing VM operation: HandshakeAllThreads (Deoptimize)
Event: 53.022 Executing VM operation: HandshakeAllThreads (Deoptimize) done
Event: 53.024 Executing VM operation: HandshakeAllThreads (Deoptimize)
Event: 53.024 Executing VM operation: HandshakeAllThreads (Deoptimize) done
Event: 53.631 Executing VM operation: HandshakeAllThreads (Deoptimize)
Event: 53.631 Executing VM operation: HandshakeAllThreads (Deoptimize) done
Event: 54.105 Executing VM operation: G1CollectForAllocation (G1 Evacuation Pause)
Event: 54.119 Executing VM operation: G1CollectForAllocation (G1 Evacuation Pause) done
Event: 54.159 Executing VM operation: HandshakeAllThreads (Deoptimize)
Event: 54.159 Executing VM operation: HandshakeAllThreads (Deoptimize) done
Event: 55.162 Executing VM operation: Cleanup
Event: 55.162 Executing VM operation: Cleanup done
Event: 55.504 Executing VM operation: G1CollectForAllocation (G1 Evacuation Pause)
Event: 55.513 Executing VM operation: G1CollectForAllocation (G1 Evacuation Pause) done
Event: 55.649 Executing VM operation: G1PauseRemark

Events (20 events):
Event: 52.790 Thread 0x000001c9f847a740 Thread exited: 0x000001c9f847a740
Event: 53.297 Thread 0x000001c9f847a740 Thread added: 0x000001c9f847a740
Event: 53.309 Thread 0x000001c9f847a740 Thread exited: 0x000001c9f847a740
Event: 53.619 Thread 0x000001c9f7e67030 Thread exited: 0x000001c9f7e67030
Event: 53.817 Thread 0x000001c9f847a0b0 Thread added: 0x000001c9f847a0b0
Event: 53.829 Thread 0x000001c9f847a0b0 Thread exited: 0x000001c9f847a0b0
Event: 54.336 Thread 0x000001c9f8479a20 Thread added: 0x000001c9f8479a20
Event: 54.342 Thread 0x000001c9f8479a20 Thread exited: 0x000001c9f8479a20
Event: 54.963 Thread 0x000001c9f8479390 Thread added: 0x000001c9f8479390
Event: 54.972 Thread 0x000001c9b09f6b30 Thread exited: 0x000001c9b09f6b30
Event: 55.071 Thread 0x000001c9f8479390 Thread exited: 0x000001c9f8479390
Event: 55.484 Thread 0x000001c9f8478670 Thread added: 0x000001c9f8478670
Event: 55.489 Thread 0x000001c9f8478670 Thread exited: 0x000001c9f8478670
Event: 55.661 Thread 0x000001c9b0753330 flushing nmethod 0x000001c9a895da90
Event: 55.661 Thread 0x000001c9b0753330 flushing nmethod 0x000001c9a8ed0610
Event: 55.661 Thread 0x000001c9b0753330 flushing nmethod 0x000001c9a865e610
Event: 55.661 Thread 0x000001c9b0753330 flushing nmethod 0x000001c9a87d2210
Event: 55.661 Thread 0x000001c9b0753330 flushing nmethod 0x000001c9a8ea9a10
Event: 55.661 Thread 0x000001c9b0753330 flushing nmethod 0x000001c9a8ea9d10
Event: 55.661 Thread 0x000001c9b0753330 flushing nmethod 0x000001c9a8fe5590


Dynamic libraries:
0x00007ff757da0000 - 0x00007ff757dae000 	C:\Users\souad\.jdks\openjdk-22\bin\java.exe
0x00007ffcc7c30000 - 0x00007ffcc7e28000 	C:\Windows\SYSTEM32\ntdll.dll
0x00007ffcbc730000 - 0x00007ffcbc750000 	C:\Program Files\Avast Software\Avast\aswhook.dll
0x00007ffcc60c0000 - 0x00007ffcc6182000 	C:\Windows\System32\KERNEL32.DLL
0x00007ffcc55e0000 - 0x00007ffcc58d6000 	C:\Windows\System32\KERNELBASE.dll
0x00007ffcc58e0000 - 0x00007ffcc59e0000 	C:\Windows\System32\ucrtbase.dll
0x00007ffcac600000 - 0x00007ffcac617000 	C:\Users\souad\.jdks\openjdk-22\bin\jli.dll
0x00007ffcc7740000 - 0x00007ffcc78e1000 	C:\Windows\System32\USER32.dll
0x00007ffcc55b0000 - 0x00007ffcc55d2000 	C:\Windows\System32\win32u.dll
0x00007ffcc61f0000 - 0x00007ffcc621b000 	C:\Windows\System32\GDI32.dll
0x00007ffcc5360000 - 0x00007ffcc5479000 	C:\Windows\System32\gdi32full.dll
0x00007ffcc52c0000 - 0x00007ffcc535d000 	C:\Windows\System32\msvcp_win.dll
0x00007ffcaa9c0000 - 0x00007ffcaa9db000 	C:\Users\souad\.jdks\openjdk-22\bin\VCRUNTIME140.dll
0x00007ffcacdc0000 - 0x00007ffcad05b000 	C:\Windows\WinSxS\amd64_microsoft.windows.common-controls_6595b64144ccf1df_6.0.19041.6456_none_60b8a6cb71f64256\COMCTL32.dll
0x00007ffcc74a0000 - 0x00007ffcc753e000 	C:\Windows\System32\msvcrt.dll
0x00007ffcc7550000 - 0x00007ffcc757f000 	C:\Windows\System32\IMM32.DLL
0x00007ffcb1f80000 - 0x00007ffcb1f8c000 	C:\Users\souad\.jdks\openjdk-22\bin\vcruntime140_1.dll
0x00007ffc79980000 - 0x00007ffc79a0e000 	C:\Users\souad\.jdks\openjdk-22\bin\msvcp140.dll
0x00007ffc57550000 - 0x00007ffc58298000 	C:\Users\souad\.jdks\openjdk-22\bin\server\jvm.dll
0x00007ffcc6a60000 - 0x00007ffcc6b11000 	C:\Windows\System32\ADVAPI32.dll
0x00007ffcc6b20000 - 0x00007ffcc6bbf000 	C:\Windows\System32\sechost.dll
0x00007ffcc7620000 - 0x00007ffcc7740000 	C:\Windows\System32\RPCRT4.dll
0x00007ffcc5530000 - 0x00007ffcc5557000 	C:\Windows\System32\bcrypt.dll
0x00007ffcc6bc0000 - 0x00007ffcc6c2b000 	C:\Windows\System32\WS2_32.dll
0x00007ffcc5120000 - 0x00007ffcc516b000 	C:\Windows\SYSTEM32\POWRPROF.dll
0x00007ffcaaaf0000 - 0x00007ffcaab17000 	C:\Windows\SYSTEM32\WINMM.dll
0x00007ffcba1f0000 - 0x00007ffcba1fa000 	C:\Windows\SYSTEM32\VERSION.dll
0x00007ffcc5100000 - 0x00007ffcc5112000 	C:\Windows\SYSTEM32\UMPDC.dll
0x00007ffcc3a90000 - 0x00007ffcc3aa2000 	C:\Windows\SYSTEM32\kernel.appcore.dll
0x00007ffc94f50000 - 0x00007ffc94f5a000 	C:\Users\souad\.jdks\openjdk-22\bin\jimage.dll
0x00007ffcc3860000 - 0x00007ffcc3a61000 	C:\Windows\SYSTEM32\DBGHELP.DLL
0x00007ffcb2930000 - 0x00007ffcb2964000 	C:\Windows\SYSTEM32\dbgcore.DLL
0x00007ffcc59e0000 - 0x00007ffcc5a62000 	C:\Windows\System32\bcryptPrimitives.dll
0x00007ffc94190000 - 0x00007ffc9419f000 	C:\Users\souad\.jdks\openjdk-22\bin\instrument.dll
0x00007ffc93820000 - 0x00007ffc9383e000 	C:\Users\souad\.jdks\openjdk-22\bin\java.dll
0x00007ffcc62f0000 - 0x00007ffcc6a60000 	C:\Windows\System32\SHELL32.dll
0x00007ffcc7010000 - 0x00007ffcc713b000 	C:\Windows\System32\ole32.dll
0x00007ffcc7140000 - 0x00007ffcc7494000 	C:\Windows\System32\combase.dll
0x00007ffcc2fe0000 - 0x00007ffcc3785000 	C:\Windows\SYSTEM32\windows.storage.dll
0x00007ffcc4b30000 - 0x00007ffcc4b5b000 	C:\Windows\SYSTEM32\Wldp.dll
0x00007ffcc6220000 - 0x00007ffcc62ed000 	C:\Windows\System32\OLEAUT32.dll
0x00007ffcc7a10000 - 0x00007ffcc7abd000 	C:\Windows\System32\SHCORE.dll
0x00007ffcc6ec0000 - 0x00007ffcc6f1b000 	C:\Windows\System32\shlwapi.dll
0x00007ffcc51f0000 - 0x00007ffcc5214000 	C:\Windows\SYSTEM32\profapi.dll
0x00007ffc925b0000 - 0x00007ffc925c7000 	C:\Users\souad\.jdks\openjdk-22\bin\zip.dll
0x00007ffc925a0000 - 0x00007ffc925b0000 	C:\Users\souad\.jdks\openjdk-22\bin\net.dll
0x00007ffcc4910000 - 0x00007ffcc497a000 	C:\Windows\system32\mswsock.dll
0x00007ffc92280000 - 0x00007ffc92296000 	C:\Users\souad\.jdks\openjdk-22\bin\nio.dll
0x00007ffcc4650000 - 0x00007ffcc471a000 	C:\Windows\SYSTEM32\DNSAPI.dll
0x00007ffcc4610000 - 0x00007ffcc464b000 	C:\Windows\SYSTEM32\IPHLPAPI.DLL
0x00007ffcc7540000 - 0x00007ffcc7548000 	C:\Windows\System32\NSI.dll
0x00007ffcad790000 - 0x00007ffcad79a000 	C:\Windows\System32\rasadhlp.dll
0x00007ffcb8450000 - 0x00007ffcb84d0000 	C:\Windows\System32\fwpuclnt.dll
0x00007ffca91f0000 - 0x00007ffca91f9000 	C:\Users\souad\.jdks\openjdk-22\bin\extnet.dll
0x00007ffca89c0000 - 0x00007ffca89ca000 	C:\Users\souad\.jdks\openjdk-22\bin\management.dll
0x00007ffc922f0000 - 0x00007ffc922fb000 	C:\Users\souad\.jdks\openjdk-22\bin\management_ext.dll
0x00007ffcc7000000 - 0x00007ffcc7008000 	C:\Windows\System32\PSAPI.DLL
0x00007ffcc4b70000 - 0x00007ffcc4b88000 	C:\Windows\SYSTEM32\CRYPTSP.dll
0x00007ffcc4250000 - 0x00007ffcc4288000 	C:\Windows\system32\rsaenh.dll
0x00007ffcc5170000 - 0x00007ffcc519e000 	C:\Windows\SYSTEM32\USERENV.dll
0x00007ffcc4aa0000 - 0x00007ffcc4aac000 	C:\Windows\SYSTEM32\CRYPTBASE.dll
0x00007ffc98a20000 - 0x00007ffc98a37000 	C:\Windows\system32\napinsp.dll
0x00007ffc98a00000 - 0x00007ffc98a1b000 	C:\Windows\system32\pnrpnsp.dll
0x00007ffcbe720000 - 0x00007ffcbe73d000 	C:\Windows\system32\wshbth.dll
0x00007ffcbca60000 - 0x00007ffcbca7d000 	C:\Windows\system32\NLAapi.dll
0x00007ffc989e0000 - 0x00007ffc989f2000 	C:\Windows\System32\winrnr.dll
0x00007ffca8a40000 - 0x00007ffca8a4e000 	C:\Users\souad\.jdks\openjdk-22\bin\sunmscapi.dll
0x00007ffcc5af0000 - 0x00007ffcc5c4d000 	C:\Windows\System32\CRYPT32.dll
0x00007ffcc4cf0000 - 0x00007ffcc4d17000 	C:\Windows\SYSTEM32\ncrypt.dll
0x00007ffcc4c40000 - 0x00007ffcc4c7b000 	C:\Windows\SYSTEM32\NTASN1.dll
0x00007ffca89d0000 - 0x00007ffca89e0000 	C:\Users\souad\.jdks\openjdk-22\bin\verify.dll

dbghelp: loaded successfully - version: 4.0.5 - missing functions: none
symbol engine: initialized successfully - sym options: 0x614 - pdb path: .;C:\Users\souad\.jdks\openjdk-22\bin;C:\Windows\SYSTEM32;C:\Program Files\Avast Software\Avast;C:\Windows\WinSxS\amd64_microsoft.windows.common-controls_6595b64144ccf1df_6.0.19041.6456_none_60b8a6cb71f64256;C:\Users\souad\.jdks\openjdk-22\bin\server

VM Arguments:
jvm_args: -XX:TieredStopAtLevel=1 -Dspring.output.ansi.enabled=always -Dcom.sun.management.jmxremote -Dspring.jmx.enabled=true -Dspring.liveBeansView.mbeanDomain -Dspring.application.admin.enabled=true -Dmanagement.endpoints.jmx.exposure.include=* -javaagent:C:\Program Files\JetBrains\IntelliJ IDEA 2025.1.3\lib\idea_rt.jar=57328 -Dfile.encoding=UTF-8 -Dsun.stdout.encoding=UTF-8 -Dsun.stderr.encoding=UTF-8 
java_command: com.example.rendezvousservice.RendezVousServiceApplication
java_class_path (initial): C:\Users\souad\Downloads\MediCore-majdaback\MediCore-majdaback\projet\rendezVous-service\target\classes;C:\Users\souad\.m2\repository\org\springframework\boot\spring-boot-starter-actuator\3.2.5\spring-boot-starter-actuator-3.2.5.jar;C:\Users\souad\.m2\repository\org\springframework\boot\spring-boot-starter\3.2.5\spring-boot-starter-3.2.5.jar;C:\Users\souad\.m2\repository\org\springframework\boot\spring-boot\3.2.5\spring-boot-3.2.5.jar;C:\Users\souad\.m2\repository\org\springframework\boot\spring-boot-autoconfigure\3.2.5\spring-boot-autoconfigure-3.2.5.jar;C:\Users\souad\.m2\repository\org\springframework\boot\spring-boot-starter-logging\3.2.5\spring-boot-starter-logging-3.2.5.jar;C:\Users\souad\.m2\repository\ch\qos\logback\logback-classic\1.4.14\logback-classic-1.4.14.jar;C:\Users\souad\.m2\repository\ch\qos\logback\logback-core\1.4.14\logback-core-1.4.14.jar;C:\Users\souad\.m2\repository\org\apache\logging\log4j\log4j-to-slf4j\2.21.1\log4j-to-slf4j-2.21.1.jar;C:\Users\souad\.m2\repository\org\apache\logging\log4j\log4j-api\2.21.1\log4j-api-2.21.1.jar;C:\Users\souad\.m2\repository\org\slf4j\jul-to-slf4j\2.0.13\jul-to-slf4j-2.0.13.jar;C:\Users\souad\.m2\repository\jakarta\annotation\jakarta.annotation-api\2.1.1\jakarta.annotation-api-2.1.1.jar;C:\Users\souad\.m2\repository\org\yaml\snakeyaml\2.2\snakeyaml-2.2.jar;C:\Users\souad\.m2\repository\org\springframework\boot\spring-boot-actuator-autoconfigure\3.2.5\spring-boot-actuator-autoconfigure-3.2.5.jar;C:\Users\souad\.m2\repository\org\springframework\boot\spring-boot-actuator\3.2.5\spring-boot-actuator-3.2.5.jar;C:\Users\souad\.m2\repository\com\fasterxml\jackson\datatype\jackson-datatype-jsr310\2.15.4\jackson-datatype-jsr310-2.15.4.jar;C:\Users\souad\.m2\repository\io\micrometer\micrometer-observation\1.12.5\micrometer-observation-1.12.5.jar;C:\Users\souad\.m2\repository\io\micrometer\micrometer-commons\1.12.5\micrometer-commons-1.12.5.jar;C:\Users\souad\.m2\repository\io\micrometer\micrometer-jakarta9\1.12.5\micrometer-jakarta9-1.12.5.jar;C:\Users\souad\.m2\repository\io\micrometer\micrometer-core\1.12.5\micrometer-core-1.12.5.jar;C:\Users\souad\.m2\repository\org\hdrhistogram\HdrHistogram\2.1.12\HdrHistogram-2.1.12.jar;C:\Users\souad\.m2\repository\org\latencyutils\LatencyUtils\2.0.3\LatencyUtils-2.0.3.jar;C:\Users\souad\.m2\repository\org\springframework\boot\spring-boot-starter-web\3.2.5\spring-boot-starter-web-3.2.5.jar;C:\Users\souad\.m2\repository\org\springframework\boot\spring-boot-starter-json\3.2.5\spring-boot-starter-json-3.2.5.jar;C:\Users\souad\.m2\repository\com\fasterxml\jackson\datatype\jackson-datatype-jdk8\2.15.4\jackson-datatype-jdk8-2.15.4.jar;C:\Users\souad\.m2\repository\com\fasterxml\jackson\module\jackson-module-parameter-names\2.15.4\jackson-module-parameter-names-2.15.4.jar;C:\Users\souad\.m2\repository\org\springframework\boot\spring-boot-starter-tomcat\3.2.5\spring-boot-starter-tomcat-3.2.5.jar;C:\Users\souad\.m2\repository\org\apache\tomcat\embed\tomcat-embed-core\10.1.20\tomcat-embed-core-10.1.20.jar;C:\Users\souad\.m2\repository\org\apache\tomcat\embed\tomcat-embed-el\10.1.20\tomcat-embed-el-10.1.20.jar;C:\Users\souad\.m2\repository\org\apache\tomcat\embed\tomcat-embed-websocket\10.1.20\tomcat-embed-websocket-10.1.20.jar;C:\Users\souad\.m2\repository\org\springframework\spring-web\6.1.6\spring-web-6.1.6.jar;C:\Users\souad\.m2\repository\org\springframework\spring-beans\6.1.6\spring-beans-6.1.6.jar;C:\Users\souad\.m2\repository\org\springframework\spring-webmvc\6.1.6\spring-webmvc-6.1.6.jar;C:\Users\souad\.m2\repository\org\springframework\spring-context\6.1.6\spring-context-6.1.6.jar;C:\Users\souad\.m2\repository\org\springframework\spring-expression\6.1.6\spring-expression-6.1.6.jar;C:\Users\souad\.m2\repository\org\springframework\boot\spring-boot-starter-data-jpa\3.2.5\spring-boot-starter-data-jpa-3.2.5.jar;C:\Users\souad\.m2\repository\org\springframework\boot\spring-boot-starter-aop\3.2.5\spring-boot-starter-aop-3.2.5.jar;C:\Users\souad\.m2\repository\org\aspectj\aspectjweaver\1.9.22\aspectjweaver-1.9.22.jar;C:\Users\souad\.m2\repository\org\springframework\boot\spring-boot-starter-jdbc\3.2.5\spring-boot-starter-jdbc-3.2.5.jar;C:\Users\souad\.m2\repository\com\zaxxer\HikariCP\5.0.1\HikariCP-5.0.1.jar;C:\Users\souad\.m2\repository\org\springframework\spring-jdbc\6.1.6\spring-jdbc-6.1.6.jar;C:\Users\souad\.m2\repository\org\hibernate\orm\hibernate-core\6.4.4.Final\hibernate-core-6.4.4.Final.jar;C:\Users\souad\.m2\repository\jakarta\persistence\jakarta.persistence-api\3.1.0\jakarta.persistence-api-3.1.0.jar;C:\Users\souad\.m2\repository\jakarta\transaction\jakarta.transaction-api\2.0.1\jakarta.transaction-api-2.0.1.jar;C:\Users\souad\.m2\repository\org\jboss\logging\jboss-logging\3.5.3.Final\jboss-logging-3.5.3.Final.jar;C:\Users\souad\.m2\repository\org\hibernate\common\hibernate-commons-annotations\6.0.6.Final\hibernate-commons-annotations-6.0.6.Final.jar;C:\Users\souad\.m2\repository\io\smallrye\jandex\3.1.2\jandex-3.1.2.jar;C:\Users\souad\.m2\repository\net\bytebuddy\byte-buddy\1.14.13\byte-buddy-1.14.13.jar;C:\Users\souad\.m2\repository\org\glassfish\jaxb\jaxb-runtime\4.0.5\jaxb-runtime-4.0.5.jar;C:\Users\souad\.m2\repository\org\glassfish\jaxb\jaxb-core\4.0.5\jaxb-core-4.0.5.jar;C:\Users\souad\.m2\repository\org\eclipse\angus\angus-activation\2.0.2\angus-activation-2.0.2.jar;C:\Users\souad\.m2\repository\org\glassfish\jaxb\txw2\4.0.5\txw2-4.0.5.jar;C:\Users\souad\.m2\repository\com\sun\istack\istack-commons-runtime\4.1.2\istack-commons-runtime-4.1.2.jar;C:\Users\souad\.m2\repository\jakarta\inject\jakarta.inject-api\2.0.1\jakarta.inject-api-2.0.1.jar;C:\Users\souad\.m2\repository\org\antlr\antlr4-runtime\4.13.0\antlr4-runtime-4.13.0.jar;C:\Users\souad\.m2\repository\org\springframework\data\spring-data-jpa\3.2.5\spring-data-jpa-3.2.5.jar;C:\Users\souad\.m2\repository\org\springframework\data\spring-data-commons\3.2.5\spring-data-commons-3.2.5.jar;C:\Users\souad\.m2\repository\org\springframework\spring-orm\6.1.6\spring-orm-6.1.6.jar;C:\Users\souad\.m2\repository\org\springframework\spring-tx\6.1.6\spring-tx-6.1.6.jar;C:\Users\souad\.m2\repository\org\springframework\spring-aspects\6.1.6\spring-aspects-6.1.6.jar;C:\Users\souad\.m2\repository\org\springframework\boot\spring-boot-starter-security\3.2.5\spring-boot-starter-security-3.2.5.jar;C:\Users\souad\.m2\repository\org\springframework\spring-aop\6.1.6\spring-aop-6.1.6.jar;C:\Users\souad\.m2\repository\org\springframework\security\spring-security-config\6.2.4\spring-security-config-6.2.4.jar;C:\Users\souad\.m2\repository\org\springframework\security\spring-security-core\6.2.4\spring-security-core-6.2.4.jar;C:\Users\souad\.m2\repository\org\springframework\security\spring-security-crypto\6.2.4\spring-security-crypto-6.2.4.jar;C:\Users\souad\.m2\repository\org\springframework\security\spring-security-web\6.2.4\spring-security-web-6.2.4.jar;C:\Users\souad\.m2\repository\org\postgresql\postgresql\42.6.2\postgresql-42.6.2.jar;C:\Users\souad\.m2\repository\org\checkerframework\checker-qual\3.31.0\checker-qual-3.31.0.jar;C:\Users\souad\.m2\repository\io\springfox\springfox-boot-starter\3.0.0\springfox-boot-starter-3.0.0.jar;C:\Users\souad\.m2\repository\io\springfox\springfox-oas\3.0.0\springfox-oas-3.0.0.jar;C:\Users\souad\.m2\repository\io\swagger\core\v3\swagger-annotations\2.1.2\swagger-annotations-2.1.2.jar;C:\Users\souad\.m2\repository\io\swagger\core\v3\swagger-models\2.1.2\swagger-models-2.1.2.jar;C:\Users\souad\.m2\repository\io\springfox\springfox-spi\3.0.0\springfox-spi-3.0.0.jar;C:\Users\souad\.m2\repository\io\springfox\springfox-schema\3.0.0\springfox-schema-3.0.0.jar;C:\Users\souad\.m2\repository\io\springfox\springfox-core\3.0.0\springfox-core-3.0.0.jar;C:\Users\souad\.m2\repository\io\springfox\springfox-spring-web\3.0.0\springfox-spring-web-3.0.0.jar;C:\Users\souad\.m2\repository\io\github\classgraph\classgraph\4.8.83\classgraph-4.8.83.jar;C:\Users\souad\.m2\repository\io\springfox\springfox-spring-webmvc\3.0.0\springfox-spring-webmvc-3.0.0.jar;C:\Users\souad\.m2\repository\io\springfox\springfox-spring-webflux\3.0.0\springfox-spring-webflux-3.0.0.jar;C:\Users\souad\.m2\repository\io\springfox\springfox-swagger-common\3.0.0\springfox-swagger-common-3.0.0.jar;C:\Users\souad\.m2\repository\io\springfox\springfox-data-rest\3.0.0\springfox-data-rest-3.0.0.jar;C:\Users\souad\.m2\repository\io\springfox\springfox-bean-validators\3.0.0\springfox-bean-validators-3.0.0.jar;C:\Users\souad\.m2\repository\io\springfox\springfox-swagger2\3.0.0\springfox-swagger2-3.0.0.jar;C:\Users\souad\.m2\repository\io\swagger\swagger-annotations\1.5.20\swagger-annotations-1.5.20.jar;C:\Users\souad\.m2\repository\io\swagger\swagger-models\1.5.20\swagger-models-1.5.20.jar;C:\Users\souad\.m2\repository\io\springfox\springfox-swagger-ui\3.0.0\springfox-swagger-ui-3.0.0.jar;C:\Users\souad\.m2\repository\com\fasterxml\classmate\1.6.0\classmate-1.6.0.jar;C:\Users\souad\.m2\repository\org\slf4j\slf4j-api\2.0.13\slf4j-api-2.0.13.jar;C:\Users\souad\.m2\repository\org\springframework\plugin\spring-plugin-core\2.0.0.RELEASE\spring-plugin-core-2.0.0.RELEASE.jar;C:\Users\souad\.m2\repository\org\springframework\plugin\spring-plugin-metadata\2.0.0.RELEASE\spring-plugin-metadata-2.0.0.RELEASE.jar;C:\Users\souad\.m2\repository\org\springdoc\springdoc-openapi-starter-webmvc-ui\2.6.0\springdoc-openapi-starter-webmvc-ui-2.6.0.jar;C:\Users\souad\.m2\repository\org\springdoc\springdoc-openapi-starter-webmvc-api\2.6.0\springdoc-openapi-starter-webmvc-api-2.6.0.jar;C:\Users\souad\.m2\repository\org\springdoc\springdoc-openapi-starter-common\2.6.0\springdoc-openapi-starter-common-2.6.0.jar;C:\Users\souad\.m2\repository\io\swagger\core\v3\swagger-core-jakarta\2.2.22\swagger-core-jakarta-2.2.22.jar;C:\Users\souad\.m2\repository\org\apache\commons\commons-lang3\3.13.0\commons-lang3-3.13.0.jar;C:\Users\souad\.m2\repository\io\swagger\core\v3\swagger-annotations-jakarta\2.2.22\swagger-annotations-jakarta-2.2.22.jar;C:\Users\souad\.m2\repository\io\swagger\core\v3\swagger-models-jakarta\2.2.22\swagger-models-jakarta-2.2.22.jar;C:\Users\souad\.m2\repository\jakarta\validation\jakarta.validation-api\3.0.2\jakarta.validation-api-3.0.2.jar;C:\Users\souad\.m2\repository\com\fasterxml\jackson\dataformat\jackson-dataformat-yaml\2.15.4\jackson-dataformat-yaml-2.15.4.jar;C:\Users\souad\.m2\repository\org\webjars\swagger-ui\5.17.14\swagger-ui-5.17.14.jar;C:\Users\souad\.m2\repository\io\jsonwebtoken\jjwt-api\0.11.5\jjwt-api-0.11.5.jar;C:\Users\souad\.m2\repository\io\jsonwebtoken\jjwt-impl\0.11.5\jjwt-impl-0.11.5.jar;C:\Users\souad\.m2\repository\io\jsonwebtoken\jjwt-jackson\0.11.5\jjwt-jackson-0.11.5.jar;C:\Users\souad\.m2\repository\com\fasterxml\jackson\core\jackson-databind\2.15.4\jackson-databind-2.15.4.jar;C:\Users\souad\.m2\repository\com\fasterxml\jackson\core\jackson-annotations\2.15.4\jackson-annotations-2.15.4.jar;C:\Users\souad\.m2\repository\com\fasterxml\jackson\core\jackson-core\2.15.4\jackson-core-2.15.4.jar;C:\Users\souad\.m2\repository\org\mapstruct\mapstruct\1.5.5.Final\mapstruct-1.5.5.Final.jar;C:\Users\souad\.m2\repository\org\mapstruct\mapstruct-processor\1.5.5.Final\mapstruct-processor-1.5.5.Final.jar;C:\Users\souad\.m2\repository\org\projectlombok\lombok\1.18.32\lombok-1.18.32.jar;C:\Users\souad\.m2\repository\jakarta\xml\bind\jakarta.xml.bind-api\4.0.2\jakarta.xml.bind-api-4.0.2.jar;C:\Users\souad\.m2\repository\jakarta\activation\jakarta.activation-api\2.1.3\jakarta.activation-api-2.1.3.jar;C:\Users\souad\.m2\repository\org\springframework\spring-core\6.1.6\spring-core-6.1.6.jar;C:\Users\souad\.m2\repository\org\springframework\spring-jcl\6.1.6\spring-jcl-6.1.6.jar
Launcher Type: SUN_STANDARD

[Global flags]
     intx CICompilerCount                          = 3                                         {product} {ergonomic}
     uint ConcGCThreads                            = 1                                         {product} {ergonomic}
     uint G1ConcRefinementThreads                  = 4                                         {product} {ergonomic}
   size_t G1HeapRegionSize                         = 1048576                                   {product} {ergonomic}
   size_t InitialHeapSize                          = 132120576                                 {product} {ergonomic}
     bool ManagementServer                         = true                                      {product} {command line}
   size_t MarkStackSize                            = 4194304                                   {product} {ergonomic}
   size_t MaxHeapSize                              = 2109734912                                {product} {ergonomic}
   size_t MaxNewSize                               = 1265631232                                {product} {ergonomic}
   size_t MinHeapDeltaBytes                        = 1048576                                   {product} {ergonomic}
   size_t MinHeapSize                              = 8388608                                   {product} {ergonomic}
    uintx NonNMethodCodeHeapSize                   = 4096                                   {pd product} {ergonomic}
    uintx NonProfiledCodeHeapSize                  = 0                                      {pd product} {ergonomic}
     bool ProfileInterpreter                       = false                                  {pd product} {command line}
    uintx ProfiledCodeHeapSize                     = 0                                      {pd product} {ergonomic}
   size_t SoftMaxHeapSize                          = 2109734912                             {manageable} {ergonomic}
     intx TieredStopAtLevel                        = 1                                         {product} {command line}
     bool UseCompressedOops                        = true                           {product lp64_product} {ergonomic}
     bool UseG1GC                                  = true                                      {product} {ergonomic}
     bool UseLargePagesIndividualAllocation        = false                                  {pd product} {ergonomic}

Logging:
Log output configuration:
 #0: stdout all=warning uptime,level,tags foldmultilines=false
 #1: stderr all=off uptime,level,tags foldmultilines=false

Environment Variables:
JAVA_HOME=C:\Users\souad\AppData\Local\Programs\Eclipse Adoptium\jdk-17.0.2.8-hotspot\
PATH=D:\vmware_workstation\bin\;C:\Program Files\Common Files\Oracle\Java\javapath;C:\Program Files\Python312\Scripts\;C:\Program Files\Python312\;C:\Windows\system32;C:\Windows;C:\Windows\System32\Wbem;C:\Windows\System32\WindowsPowerShell\v1.0\;C:\Windows\System32\OpenSSH\;C:\Users\souad\AppData\Local\Programs\Python\Python310;C:\Users\souad\AppData\Local\Programs\Python\Python310\Scripts;C:\Users\souad\AppData\Roaming\Python\Python312\site-packages;C:\Program Files\sqlite3;C:\Program Files (x86)\Microchip\MPLAB C32 Suite\bin;C:\Program Files (x86)\HI-TECH Software\PICC\PRO\9.65\bin;C:\Program Files\Java\jdk-22\bin;C:\Program Files\PHP;C:\Program Files\PHP\ext;C:\Program Files\Git\cmd;C:\Users\souad\Downloads\apache-maven-3.9.9-bin\apache-maven-3.9.9\bin;C:\Program Files\MySQL\MySQL Server 8.0\bin;C:\Users\souad\Desktop\win_flex;C:\mingw64\bin;C:\Users\souad\Downloads\mongosh-2.3.9-win32-x64\mongosh-2.3.9-win32-x64\bin;C:\Program Files\MongoDB\Server\7.0\bin;D:\win_flex_bison-latest;;C:\Program Files\Docker\Docker\resources\bin;C:\Program Files\nodejs\;C:\Program Files\Common Files\Oracle\Java\javapath;C:\Program Files\Python312\Scripts\;C:\Program Files\Python312\;C:\Windows\system32;C:\Windows;C:\Windows\System32\Wbem;C:\Windows\System32\WindowsPowerShell\v1.0\;C:\Windows\System32\OpenSSH\;C:\Program Files (x86)\Windows Kits\10\Windows Performance Toolkit\;C:\Program Files\Git\cmd;C:\Users\souad\AppData\Local\Programs\Python\Python310;C:\Users\souad\AppData\Local\Programs\Python\Python310\Scripts;C:\Users\souad\AppData\Roaming\Python\Python312\site-packages;C:\Program Files\sqlite3;C:\Program Files (x86)\Microchip\MPLAB C32 Suite\bin;C:\Program Files (x86)\HI-TECH Software\PICC\PRO\9.65\bin;C:\Program Files (x86)\Microchip\MPLAB IDE\VDI;C:\Program Files\Java\jdk-22\bin;C:\Program Files\Common Files\Oracle\Java\javapath;C:\Program Files\Python312\Scripts\;C:\Program Files\Python312\;C:\Windows\system32;C:\Windows;C:\Windows\System32\Wbem;C:\Windows\System32\WindowsPowerShell\v1.0\;C:\Windows\System32\OpenSSH\;C:\Program Files (x86)\Windows Kits\10\Windows Performance Toolkit\;C:\Program Files\Git\cmd;C:\Users\souad\AppData\Local\Programs\Python\Python310;C:\Users\souad\AppData\Local\Programs\Python\Python310\Scripts;C:\Users\souad\AppData\Roaming\Python\Python312\site-packages;C:\Program Files\sqlite3;C:\Program Files (x86)\Microchip\MPLAB C32 Suite\bin;C:\Program Files (x86)\HI-TECH Software\PICC\PRO\9.65\bin;C:\Program Files (x86)\Microchip\MPLAB IDE\VDI;C:\Program Files\Java\jdk-22\bin;C:\Program Files\MySQL\MySQL Shell 8.0\bin\;C:\Users\souad\AppData\Local\Programs\Eclipse Adoptium\jdk-17.0.2.8-hotspot\bin;C:\Users\souad\AppData\Local\Microsoft\WindowsApps;C:\Users\souad\AppData\Local\atom\bin;C:\ProgramData\souad\atom\bin;C:\MinGW\bin;C:\Program Files\JetBrains\IntelliJ IDEA 2024.1\bin;C:\Program Files\JetBrains\IntelliJ IDEA Community Edition 2024.1\bin;C:\Program Files\PHP;C:\Users\souad\scoop\shims;C:\Users\souad\scoop\shims;C:\Program Files\JetBrains\IntelliJ IDEA 2025.1.3\bin;;C:\Users\souad\AppData\Local\Programs\Microsoft VS Code\bin;C:\Users\souad\AppData\Roaming\npm;C:\Users\souad\AppData\Local\Programs\cursor\resources\app\bin
USERNAME=souad
OS=Windows_NT
PROCESSOR_IDENTIFIER=Intel64 Family 6 Model 78 Stepping 3, GenuineIntel
TMP=C:\Users\souad\AppData\Local\Temp
TEMP=C:\Users\souad\AppData\Local\Temp




Periodic native trim disabled

---------------  S Y S T E M  ---------------

OS:
 Windows 10 , 64 bit Build 19041 (10.0.19041.5915)
OS uptime: 0 days 0:59 hours
Hyper-V role detected

CPU: total 4 (initial active 4) (2 cores per cpu, 2 threads per core) family 6 model 78 stepping 3 microcode 0xcc, cx8, cmov, fxsr, ht, mmx, 3dnowpref, sse, sse2, sse3, ssse3, sse4.1, sse4.2, popcnt, lzcnt, tsc, tscinvbit, avx, avx2, aes, erms, clmul, bmi1, bmi2, adx, fma, vzeroupper, clflush, clflushopt, hv, rdtscp, f16c
Processor Information for all 4 processors :
  Max Mhz: 1512, Current Mhz: 1108, Mhz Limit: 1103

Memory: 4k page, system-wide physical 8040M (284M free)
TotalPageFile size 16232M (AvailPageFile size 4M)
current process WorkingSet (physical memory assigned to process): 206M, peak: 206M
current process commit charge ("private bytes"): 238M, peak: 239M

vm_info: OpenJDK 64-Bit Server VM (22+36-2370) for windows-amd64 JRE (22+36-2370), built on 2024-02-15T22:15:19Z by "mach5one" with MS VC++ 17.6 (VS2022)

END.
